<?xml version="1.0" encoding="UTF-8"?>
<!-- Generated by org.testng.reporters.JUnitReportReporter -->
<testsuite hostname="DESKTOP-2G0J7G7" failures="0" tests="2" name="FileUploadAndDownload.uploadFile" time="72.296" errors="0" timestamp="2024-03-03T13:11:04 IST" skipped="0">
  <testcase classname="FileUploadAndDownload.uploadFile" name="uploadFile" time="62.114"/>
  <testcase classname="FileUploadAndDownload.uploadFile" name="downloadFile" time="10.182"/>
</testsuite> <!-- FileUploadAndDownload.uploadFile -->
