<?xml version="1.0" encoding="UTF-8"?>
<!-- Generated by org.testng.reporters.JUnitReportReporter -->
<testsuite hostname="DESKTOP-2G0J7G7" failures="0" tests="1" name="testNG_OOPS.parent1" time="0.181" errors="0" timestamp="2024-02-21T07:17:48 IST" skipped="0">
  <testcase classname="testNG_OOPS.parent1" name="test" time="0.181"/>
</testsuite> <!-- testNG_OOPS.parent1 -->
