<?xml version="1.0" encoding="UTF-8"?>
<!-- Generated by org.testng.reporters.JUnitReportReporter -->
<testsuite hostname="DESKTOP-2G0J7G7" failures="0" tests="1" name="ExtentReports.extentReport" time="28.841" errors="0" timestamp="2024-02-25T07:19:05 IST" skipped="0">
  <testcase classname="ExtentReports.extentReport" name="login" time="28.841"/>
</testsuite> <!-- ExtentReports.extentReport -->
