<?xml version="1.0" encoding="UTF-8"?>
<!-- Generated by org.testng.reporters.JUnitReportReporter -->
<testsuite hostname="DESKTOP-2G0J7G7" failures="0" tests="1" name="ExtentReports.extentReport" time="22.915" errors="0" timestamp="2024-03-28T10:50:57 IST" skipped="0">
  <testcase classname="ExtentReports.extentReport" name="login" time="22.915"/>
</testsuite> <!-- ExtentReports.extentReport -->
