<?xml version="1.0" encoding="UTF-8"?>
<!-- Generated by org.testng.reporters.JUnitReportReporter -->
<testsuite hostname="DESKTOP-2G0J7G7" failures="0" tests="1" name="testNG_OOPS.test_Class" time="59.272" errors="0" timestamp="2024-02-21T07:22:02 IST" skipped="0">
  <testcase classname="testNG_OOPS.test_Class" name="testRun" time="59.272"/>
</testsuite> <!-- testNG_OOPS.test_Class -->
